<?xml version="1.0" encoding="UTF-8"?>
<testsuite xmlns:xsi="http://www.w3.org/2001/XMLSchema-instance" xsi:noNamespaceSchemaLocation="https://maven.apache.org/surefire/maven-surefire-plugin/xsd/surefire-test-report.xsd" name="com.shiftedtech.spreeTest.GridTestScript" time="29.066" tests="2" errors="0" skipped="0" failures="0">
  <properties>
    <property name="sun.desktop" value="windows"/>
    <property name="awt.toolkit" value="sun.awt.windows.WToolkit"/>
    <property name="file.encoding.pkg" value="sun.io"/>
    <property name="java.specification.version" value="1.8"/>
    <property name="webdriver.chrome.driver" value="C:\Users\bahja\.m2\repository\webdriver\chromedriver\win32\79.0.3945.36\chromedriver.exe"/>
    <property name="sun.cpu.isalist" value="amd64"/>
    <property name="sun.jnu.encoding" value="Cp1252"/>
    <property name="java.class.path" value="C:\My development\Maven_Project_Test\target\test-classes;C:\My development\Maven_Project_Test\target\classes;C:\My development\maven_repo\org\seleniumhq\selenium\selenium-java\3.141.59\selenium-java-3.141.59.jar;C:\My development\maven_repo\org\seleniumhq\selenium\selenium-api\3.141.59\selenium-api-3.141.59.jar;C:\My development\maven_repo\org\seleniumhq\selenium\selenium-chrome-driver\3.141.59\selenium-chrome-driver-3.141.59.jar;C:\My development\maven_repo\org\seleniumhq\selenium\selenium-edge-driver\3.141.59\selenium-edge-driver-3.141.59.jar;C:\My development\maven_repo\org\seleniumhq\selenium\selenium-firefox-driver\3.141.59\selenium-firefox-driver-3.141.59.jar;C:\My development\maven_repo\org\seleniumhq\selenium\selenium-ie-driver\3.141.59\selenium-ie-driver-3.141.59.jar;C:\My development\maven_repo\org\seleniumhq\selenium\selenium-opera-driver\3.141.59\selenium-opera-driver-3.141.59.jar;C:\My development\maven_repo\org\seleniumhq\selenium\selenium-remote-driver\3.141.59\selenium-remote-driver-3.141.59.jar;C:\My development\maven_repo\org\seleniumhq\selenium\selenium-safari-driver\3.141.59\selenium-safari-driver-3.141.59.jar;C:\My development\maven_repo\org\seleniumhq\selenium\selenium-support\3.141.59\selenium-support-3.141.59.jar;C:\My development\maven_repo\net\bytebuddy\byte-buddy\1.8.15\byte-buddy-1.8.15.jar;C:\My development\maven_repo\org\apache\commons\commons-exec\1.3\commons-exec-1.3.jar;C:\My development\maven_repo\com\google\guava\guava\25.0-jre\guava-25.0-jre.jar;C:\My development\maven_repo\com\google\code\findbugs\jsr305\1.3.9\jsr305-1.3.9.jar;C:\My development\maven_repo\org\checkerframework\checker-compat-qual\2.0.0\checker-compat-qual-2.0.0.jar;C:\My development\maven_repo\com\google\errorprone\error_prone_annotations\2.1.3\error_prone_annotations-2.1.3.jar;C:\My development\maven_repo\com\google\j2objc\j2objc-annotations\1.1\j2objc-annotations-1.1.jar;C:\My development\maven_repo\org\codehaus\mojo\animal-sniffer-annotations\1.14\animal-sniffer-annotations-1.14.jar;C:\My development\maven_repo\com\squareup\okhttp3\okhttp\3.11.0\okhttp-3.11.0.jar;C:\My development\maven_repo\com\squareup\okio\okio\1.14.0\okio-1.14.0.jar;C:\My development\maven_repo\junit\junit\4.12\junit-4.12.jar;C:\My development\maven_repo\org\hamcrest\hamcrest-core\1.3\hamcrest-core-1.3.jar;C:\My development\maven_repo\io\github\bonigarcia\webdrivermanager\3.7.1\webdrivermanager-3.7.1.jar;C:\My development\maven_repo\org\slf4j\slf4j-api\1.7.25\slf4j-api-1.7.25.jar;C:\My development\maven_repo\commons-io\commons-io\2.6\commons-io-2.6.jar;C:\My development\maven_repo\com\google\code\gson\gson\2.8.5\gson-2.8.5.jar;C:\My development\maven_repo\org\apache\httpcomponents\httpclient\4.5.6\httpclient-4.5.6.jar;C:\My development\maven_repo\org\apache\httpcomponents\httpcore\4.4.10\httpcore-4.4.10.jar;C:\My development\maven_repo\commons-logging\commons-logging\1.2\commons-logging-1.2.jar;C:\My development\maven_repo\commons-codec\commons-codec\1.10\commons-codec-1.10.jar;C:\My development\maven_repo\org\rauschig\jarchivelib\1.0.0\jarchivelib-1.0.0.jar;C:\My development\maven_repo\org\jsoup\jsoup\1.11.3\jsoup-1.11.3.jar;C:\My development\maven_repo\net\sourceforge\jexcelapi\jxl\2.6.12\jxl-2.6.12.jar;C:\My development\maven_repo\log4j\log4j\1.2.14\log4j-1.2.14.jar;C:\My development\maven_repo\pl\pragmatists\JUnitParams\1.1.1\JUnitParams-1.1.1.jar;C:\My development\maven_repo\org\apache\commons\commons-lang3\3.9\commons-lang3-3.9.jar;C:\My development\maven_repo\org\apache\poi\poi-ooxml\4.1.1\poi-ooxml-4.1.1.jar;C:\My development\maven_repo\org\apache\poi\poi\4.1.1\poi-4.1.1.jar;C:\My development\maven_repo\org\apache\commons\commons-collections4\4.4\commons-collections4-4.4.jar;C:\My development\maven_repo\org\apache\commons\commons-math3\3.6.1\commons-math3-3.6.1.jar;C:\My development\maven_repo\org\apache\poi\poi-ooxml-schemas\4.1.1\poi-ooxml-schemas-4.1.1.jar;C:\My development\maven_repo\org\apache\xmlbeans\xmlbeans\3.1.0\xmlbeans-3.1.0.jar;C:\My development\maven_repo\org\apache\commons\commons-compress\1.19\commons-compress-1.19.jar;C:\My development\maven_repo\com\github\virtuald\curvesapi\1.06\curvesapi-1.06.jar;C:\My development\maven_repo\io\cucumber\cucumber-junit\4.8.0\cucumber-junit-4.8.0.jar;C:\My development\maven_repo\org\apiguardian\apiguardian-api\1.1.0\apiguardian-api-1.1.0.jar;C:\My development\maven_repo\io\cucumber\cucumber-core\4.8.0\cucumber-core-4.8.0.jar;C:\My development\maven_repo\io\cucumber\gherkin\5.1.0\gherkin-5.1.0.jar;C:\My development\maven_repo\io\cucumber\tag-expressions\1.1.1\tag-expressions-1.1.1.jar;C:\My development\maven_repo\io\cucumber\datatable\1.1.14\datatable-1.1.14.jar;C:\My development\maven_repo\io\cucumber\datatable-dependencies\1.1.14\datatable-dependencies-1.1.14.jar;C:\My development\maven_repo\io\cucumber\cucumber-java\4.8.0\cucumber-java-4.8.0.jar;C:\My development\maven_repo\io\cucumber\cucumber-expressions\8.2.1\cucumber-expressions-8.2.1.jar;C:\My development\maven_repo\net\masterthought\cucumber-reporting\5.0.0\cucumber-reporting-5.0.0.jar;C:\My development\maven_repo\com\fasterxml\jackson\core\jackson-databind\2.9.10.1\jackson-databind-2.9.10.1.jar;C:\My development\maven_repo\com\fasterxml\jackson\core\jackson-annotations\2.9.10\jackson-annotations-2.9.10.jar;C:\My development\maven_repo\com\fasterxml\jackson\core\jackson-core\2.9.10\jackson-core-2.9.10.jar;C:\My development\maven_repo\com\fasterxml\jackson\datatype\jackson-datatype-jsr310\2.10.1\jackson-datatype-jsr310-2.10.1.jar;C:\My development\maven_repo\org\apache\velocity\velocity-engine-core\2.1\velocity-engine-core-2.1.jar;C:\My development\maven_repo\commons-collections\commons-collections\3.2.2\commons-collections-3.2.2.jar;C:\My development\maven_repo\joda-time\joda-time\2.10.2\joda-time-2.10.2.jar;C:\My development\maven_repo\org\codehaus\plexus\plexus-utils\3.2.0\plexus-utils-3.2.0.jar;C:\My development\maven_repo\com\googlecode\owasp-java-html-sanitizer\owasp-java-html-sanitizer\20190610.1\owasp-java-html-sanitizer-20190610.1.jar;C:\My development\maven_repo\commons-configuration\commons-configuration\1.10\commons-configuration-1.10.jar;C:\My development\maven_repo\commons-lang\commons-lang\2.6\commons-lang-2.6.jar;C:\My development\maven_repo\org\testng\testng\6.14.3\testng-6.14.3.jar;C:\My development\maven_repo\com\beust\jcommander\1.72\jcommander-1.72.jar;C:\My development\maven_repo\org\apache-extras\beanshell\bsh\2.0b6\bsh-2.0b6.jar;C:\My development\maven_repo\com\aventstack\extentreports\3.1.5\extentreports-3.1.5.jar;C:\My development\maven_repo\org\freemarker\freemarker\2.3.23\freemarker-2.3.23.jar;C:\My development\maven_repo\org\mongodb\mongodb-driver\3.3.0\mongodb-driver-3.3.0.jar;C:\My development\maven_repo\org\mongodb\bson\3.3.0\bson-3.3.0.jar;C:\My development\maven_repo\org\mongodb\mongodb-driver-core\3.3.0\mongodb-driver-core-3.3.0.jar;C:\My development\maven_repo\org\apache\httpcomponents\httpmime\4.5.2\httpmime-4.5.2.jar;"/>
    <property name="java.vm.vendor" value="Oracle Corporation"/>
    <property name="sun.arch.data.model" value="64"/>
    <property name="user.variant" value=""/>
    <property name="java.vendor.url" value="http://java.oracle.com/"/>
    <property name="user.timezone" value="America/New_York"/>
    <property name="java.vm.specification.version" value="1.8"/>
    <property name="os.name" value="Windows 10"/>
    <property name="user.country" value="US"/>
    <property name="sun.java.launcher" value="SUN_STANDARD"/>
    <property name="sun.boot.library.path" value="C:\Program Files\Java\jre1.8.0_221\bin"/>
    <property name="sun.java.command" value="C:\Users\bahja\AppData\Local\Temp\surefire4011525133793776731\surefirebooter7572371856347587815.jar C:\Users\bahja\AppData\Local\Temp\surefire4011525133793776731 2020-01-12T18-37-12_975-jvmRun1 surefire8955079806344545488tmp surefire_06258580434246216242tmp"/>
    <property name="surefire.test.class.path" value="C:\My development\Maven_Project_Test\target\test-classes;C:\My development\Maven_Project_Test\target\classes;C:\My development\maven_repo\org\seleniumhq\selenium\selenium-java\3.141.59\selenium-java-3.141.59.jar;C:\My development\maven_repo\org\seleniumhq\selenium\selenium-api\3.141.59\selenium-api-3.141.59.jar;C:\My development\maven_repo\org\seleniumhq\selenium\selenium-chrome-driver\3.141.59\selenium-chrome-driver-3.141.59.jar;C:\My development\maven_repo\org\seleniumhq\selenium\selenium-edge-driver\3.141.59\selenium-edge-driver-3.141.59.jar;C:\My development\maven_repo\org\seleniumhq\selenium\selenium-firefox-driver\3.141.59\selenium-firefox-driver-3.141.59.jar;C:\My development\maven_repo\org\seleniumhq\selenium\selenium-ie-driver\3.141.59\selenium-ie-driver-3.141.59.jar;C:\My development\maven_repo\org\seleniumhq\selenium\selenium-opera-driver\3.141.59\selenium-opera-driver-3.141.59.jar;C:\My development\maven_repo\org\seleniumhq\selenium\selenium-remote-driver\3.141.59\selenium-remote-driver-3.141.59.jar;C:\My development\maven_repo\org\seleniumhq\selenium\selenium-safari-driver\3.141.59\selenium-safari-driver-3.141.59.jar;C:\My development\maven_repo\org\seleniumhq\selenium\selenium-support\3.141.59\selenium-support-3.141.59.jar;C:\My development\maven_repo\net\bytebuddy\byte-buddy\1.8.15\byte-buddy-1.8.15.jar;C:\My development\maven_repo\org\apache\commons\commons-exec\1.3\commons-exec-1.3.jar;C:\My development\maven_repo\com\google\guava\guava\25.0-jre\guava-25.0-jre.jar;C:\My development\maven_repo\com\google\code\findbugs\jsr305\1.3.9\jsr305-1.3.9.jar;C:\My development\maven_repo\org\checkerframework\checker-compat-qual\2.0.0\checker-compat-qual-2.0.0.jar;C:\My development\maven_repo\com\google\errorprone\error_prone_annotations\2.1.3\error_prone_annotations-2.1.3.jar;C:\My development\maven_repo\com\google\j2objc\j2objc-annotations\1.1\j2objc-annotations-1.1.jar;C:\My development\maven_repo\org\codehaus\mojo\animal-sniffer-annotations\1.14\animal-sniffer-annotations-1.14.jar;C:\My development\maven_repo\com\squareup\okhttp3\okhttp\3.11.0\okhttp-3.11.0.jar;C:\My development\maven_repo\com\squareup\okio\okio\1.14.0\okio-1.14.0.jar;C:\My development\maven_repo\junit\junit\4.12\junit-4.12.jar;C:\My development\maven_repo\org\hamcrest\hamcrest-core\1.3\hamcrest-core-1.3.jar;C:\My development\maven_repo\io\github\bonigarcia\webdrivermanager\3.7.1\webdrivermanager-3.7.1.jar;C:\My development\maven_repo\org\slf4j\slf4j-api\1.7.25\slf4j-api-1.7.25.jar;C:\My development\maven_repo\commons-io\commons-io\2.6\commons-io-2.6.jar;C:\My development\maven_repo\com\google\code\gson\gson\2.8.5\gson-2.8.5.jar;C:\My development\maven_repo\org\apache\httpcomponents\httpclient\4.5.6\httpclient-4.5.6.jar;C:\My development\maven_repo\org\apache\httpcomponents\httpcore\4.4.10\httpcore-4.4.10.jar;C:\My development\maven_repo\commons-logging\commons-logging\1.2\commons-logging-1.2.jar;C:\My development\maven_repo\commons-codec\commons-codec\1.10\commons-codec-1.10.jar;C:\My development\maven_repo\org\rauschig\jarchivelib\1.0.0\jarchivelib-1.0.0.jar;C:\My development\maven_repo\org\jsoup\jsoup\1.11.3\jsoup-1.11.3.jar;C:\My development\maven_repo\net\sourceforge\jexcelapi\jxl\2.6.12\jxl-2.6.12.jar;C:\My development\maven_repo\log4j\log4j\1.2.14\log4j-1.2.14.jar;C:\My development\maven_repo\pl\pragmatists\JUnitParams\1.1.1\JUnitParams-1.1.1.jar;C:\My development\maven_repo\org\apache\commons\commons-lang3\3.9\commons-lang3-3.9.jar;C:\My development\maven_repo\org\apache\poi\poi-ooxml\4.1.1\poi-ooxml-4.1.1.jar;C:\My development\maven_repo\org\apache\poi\poi\4.1.1\poi-4.1.1.jar;C:\My development\maven_repo\org\apache\commons\commons-collections4\4.4\commons-collections4-4.4.jar;C:\My development\maven_repo\org\apache\commons\commons-math3\3.6.1\commons-math3-3.6.1.jar;C:\My development\maven_repo\org\apache\poi\poi-ooxml-schemas\4.1.1\poi-ooxml-schemas-4.1.1.jar;C:\My development\maven_repo\org\apache\xmlbeans\xmlbeans\3.1.0\xmlbeans-3.1.0.jar;C:\My development\maven_repo\org\apache\commons\commons-compress\1.19\commons-compress-1.19.jar;C:\My development\maven_repo\com\github\virtuald\curvesapi\1.06\curvesapi-1.06.jar;C:\My development\maven_repo\io\cucumber\cucumber-junit\4.8.0\cucumber-junit-4.8.0.jar;C:\My development\maven_repo\org\apiguardian\apiguardian-api\1.1.0\apiguardian-api-1.1.0.jar;C:\My development\maven_repo\io\cucumber\cucumber-core\4.8.0\cucumber-core-4.8.0.jar;C:\My development\maven_repo\io\cucumber\gherkin\5.1.0\gherkin-5.1.0.jar;C:\My development\maven_repo\io\cucumber\tag-expressions\1.1.1\tag-expressions-1.1.1.jar;C:\My development\maven_repo\io\cucumber\datatable\1.1.14\datatable-1.1.14.jar;C:\My development\maven_repo\io\cucumber\datatable-dependencies\1.1.14\datatable-dependencies-1.1.14.jar;C:\My development\maven_repo\io\cucumber\cucumber-java\4.8.0\cucumber-java-4.8.0.jar;C:\My development\maven_repo\io\cucumber\cucumber-expressions\8.2.1\cucumber-expressions-8.2.1.jar;C:\My development\maven_repo\net\masterthought\cucumber-reporting\5.0.0\cucumber-reporting-5.0.0.jar;C:\My development\maven_repo\com\fasterxml\jackson\core\jackson-databind\2.9.10.1\jackson-databind-2.9.10.1.jar;C:\My development\maven_repo\com\fasterxml\jackson\core\jackson-annotations\2.9.10\jackson-annotations-2.9.10.jar;C:\My development\maven_repo\com\fasterxml\jackson\core\jackson-core\2.9.10\jackson-core-2.9.10.jar;C:\My development\maven_repo\com\fasterxml\jackson\datatype\jackson-datatype-jsr310\2.10.1\jackson-datatype-jsr310-2.10.1.jar;C:\My development\maven_repo\org\apache\velocity\velocity-engine-core\2.1\velocity-engine-core-2.1.jar;C:\My development\maven_repo\commons-collections\commons-collections\3.2.2\commons-collections-3.2.2.jar;C:\My development\maven_repo\joda-time\joda-time\2.10.2\joda-time-2.10.2.jar;C:\My development\maven_repo\org\codehaus\plexus\plexus-utils\3.2.0\plexus-utils-3.2.0.jar;C:\My development\maven_repo\com\googlecode\owasp-java-html-sanitizer\owasp-java-html-sanitizer\20190610.1\owasp-java-html-sanitizer-20190610.1.jar;C:\My development\maven_repo\commons-configuration\commons-configuration\1.10\commons-configuration-1.10.jar;C:\My development\maven_repo\commons-lang\commons-lang\2.6\commons-lang-2.6.jar;C:\My development\maven_repo\org\testng\testng\6.14.3\testng-6.14.3.jar;C:\My development\maven_repo\com\beust\jcommander\1.72\jcommander-1.72.jar;C:\My development\maven_repo\org\apache-extras\beanshell\bsh\2.0b6\bsh-2.0b6.jar;C:\My development\maven_repo\com\aventstack\extentreports\3.1.5\extentreports-3.1.5.jar;C:\My development\maven_repo\org\freemarker\freemarker\2.3.23\freemarker-2.3.23.jar;C:\My development\maven_repo\org\mongodb\mongodb-driver\3.3.0\mongodb-driver-3.3.0.jar;C:\My development\maven_repo\org\mongodb\bson\3.3.0\bson-3.3.0.jar;C:\My development\maven_repo\org\mongodb\mongodb-driver-core\3.3.0\mongodb-driver-core-3.3.0.jar;C:\My development\maven_repo\org\apache\httpcomponents\httpmime\4.5.2\httpmime-4.5.2.jar;"/>
    <property name="sun.cpu.endian" value="little"/>
    <property name="user.home" value="C:\Users\bahja"/>
    <property name="user.language" value="en"/>
    <property name="java.specification.vendor" value="Oracle Corporation"/>
    <property name="java.home" value="C:\Program Files\Java\jre1.8.0_221"/>
    <property name="basedir" value="C:\My development\Maven_Project_Test"/>
    <property name="file.separator" value="\"/>
    <property name="line.separator" value="&#10;"/>
    <property name="java.vm.specification.vendor" value="Oracle Corporation"/>
    <property name="java.specification.name" value="Java Platform API Specification"/>
    <property name="java.awt.graphicsenv" value="sun.awt.Win32GraphicsEnvironment"/>
    <property name="surefire.real.class.path" value="C:\Users\bahja\AppData\Local\Temp\surefire4011525133793776731\surefirebooter7572371856347587815.jar"/>
    <property name="sun.boot.class.path" value="C:\Program Files\Java\jre1.8.0_221\lib\resources.jar;C:\Program Files\Java\jre1.8.0_221\lib\rt.jar;C:\Program Files\Java\jre1.8.0_221\lib\sunrsasign.jar;C:\Program Files\Java\jre1.8.0_221\lib\jsse.jar;C:\Program Files\Java\jre1.8.0_221\lib\jce.jar;C:\Program Files\Java\jre1.8.0_221\lib\charsets.jar;C:\Program Files\Java\jre1.8.0_221\lib\jfr.jar;C:\Program Files\Java\jre1.8.0_221\classes"/>
    <property name="user.script" value=""/>
    <property name="sun.management.compiler" value="HotSpot 64-Bit Tiered Compilers"/>
    <property name="java.runtime.version" value="1.8.0_221-b11"/>
    <property name="user.name" value="bahja"/>
    <property name="path.separator" value=";"/>
    <property name="os.version" value="10.0"/>
    <property name="java.endorsed.dirs" value="C:\Program Files\Java\jre1.8.0_221\lib\endorsed"/>
    <property name="java.runtime.name" value="Java(TM) SE Runtime Environment"/>
    <property name="file.encoding" value="Cp1252"/>
    <property name="java.vm.name" value="Java HotSpot(TM) 64-Bit Server VM"/>
    <property name="localRepository" value="C:\My development\maven_repo"/>
    <property name="java.vendor.url.bug" value="http://bugreport.sun.com/bugreport/"/>
    <property name="java.io.tmpdir" value="C:\Users\bahja\AppData\Local\Temp\"/>
    <property name="java.version" value="1.8.0_221"/>
    <property name="user.dir" value="C:\My development\Maven_Project_Test"/>
    <property name="os.arch" value="amd64"/>
    <property name="java.vm.specification.name" value="Java Virtual Machine Specification"/>
    <property name="java.awt.printerjob" value="sun.awt.windows.WPrinterJob"/>
    <property name="sun.os.patch.level" value=""/>
    <property name="java.library.path" value="C:\Program Files\Java\jre1.8.0_221\bin;C:\windows\Sun\Java\bin;C:\windows\system32;C:\windows;C:\Program Files (x86)\Common Files\Oracle\Java\javapath;C:\windows\system32;C:\windows;C:\windows\System32\Wbem;C:\windows\System32\WindowsPowerShell\v1.0\;C:\windows\System32\OpenSSH\;&quot;C:\My development\SeleniumProject\Dev Tools\apache-maven-3.6.2\bin&quot;;C:\Program Files\Git\cmd;C:\Program Files\dotnet\;C:\Program Files\Microsoft SQL Server\130\Tools\Binn\;C:\Program Files\Microsoft SQL Server\Client SDK\ODBC\170\Tools\Binn\;C:\Program Files\TortoiseGit\bin;C:\Program Files\nodejs\;C:\Users\bahja\AppData\Local\Microsoft\WindowsApps;;C:\C Sharp\Microsoft VS Code\bin;C:\Users\bahja\AppData\Roaming\npm;."/>
    <property name="java.vm.info" value="mixed mode"/>
    <property name="java.vendor" value="Oracle Corporation"/>
    <property name="java.vm.version" value="25.221-b11"/>
    <property name="java.ext.dirs" value="C:\Program Files\Java\jre1.8.0_221\lib\ext;C:\windows\Sun\Java\lib\ext"/>
    <property name="sun.io.unicode.encoding" value="UnicodeLittle"/>
    <property name="java.class.version" value="52.0"/>
  </properties>
  <testcase name="validTest" classname="com.shiftedtech.spreeTest.GridTestScript" time="29.066"/>
  <testcase name="invalidTest" classname="com.shiftedtech.spreeTest.GridTestScript" time="28.733"/>
</testsuite>